#-----------------------------------------------------------
# Vivado v2024.2 (64-bit)
# SW Build 5239630 on Fri Nov 08 22:34:34 MST 2024
# IP Build 5239520 on Sun Nov 10 16:12:51 MST 2024
# SharedData Build 5239561 on Fri Nov 08 14:39:27 MST 2024
# Start of session at: Fri Feb 28 09:19:16 2025
# Process ID         : 478754
# Current directory  : /home/anbellum/vivaldi/synth/vivado_nexysVideo
# Command line       : vivado
# Log file           : /home/anbellum/vivaldi/synth/vivado_nexysVideo/vivado.log
# Journal file       : /home/anbellum/vivaldi/synth/vivado_nexysVideo/vivado.jou
# Running On         : Starlight
# Platform           : Ubuntu
# Operating System   : Ubuntu 24.04.2 LTS
# Processor Detail   : Intel(R) Core(TM) Ultra 9 185H
# CPU Frequency      : 3071.998 MHz
# CPU Physical cores : 11
# CPU Logical cores  : 22
# Host memory        : 16565 MB
# Swap memory        : 4294 MB
# Total Virtual      : 20860 MB
# Available Virtual  : 19283 MB
#-----------------------------------------------------------
start_gui
open_project /home/anbellum/vivaldi/synth/vivado_nexysVideo/build/nexysVideo/nexysVideo.xpr
WARNING: [Board 49-26] cannot add Board Part xilinx.com:zcu208ld:part0:2.0 available at /tools/Xilinx/Vivado/2024.2/data/xhub/boards/XilinxBoardStore/boards/Xilinx/zcu208ld/production/2.0/board.xml as part xczu58dr-fsvg1517-2-i specified in board_part file is either invalid or not available
WARNING: [Board 49-26] cannot add Board Part xilinx.com:zcu216ld:part0:2.0 available at /tools/Xilinx/Vivado/2024.2/data/xhub/boards/XilinxBoardStore/boards/Xilinx/zcu216ld/production/2.0/board.xml as part xczu59dr-ffvf1760-2-i specified in board_part file is either invalid or not available
WARNING: [Board 49-26] cannot add Board Part xilinx.com:zcu670ld:part0:1.0 available at /tools/Xilinx/Vivado/2024.2/data/xhub/boards/XilinxBoardStore/boards/Xilinx/zcu670ld/1.0/board.xml as part xczu57dr-fsve1156-2-i specified in board_part file is either invalid or not available
Scanning sources...
Finished scanning sources
INFO: [IP_Flow 19-234] Refreshing IP repositories
INFO: [IP_Flow 19-1704] No user IP repositories specified
INFO: [IP_Flow 19-2313] Loaded Vivado IP repository '/tools/Xilinx/Vivado/2024.2/data/ip'.
open_project: Time (s): cpu = 00:00:17 ; elapsed = 00:00:12 . Memory (MB): peak = 8037.648 ; gain = 388.945 ; free physical = 11247 ; free virtual = 17348
update_compile_order -fileset sources_1
WARNING: [Board 49-26] cannot add Board Part xilinx.com:zcu208ld:part0:2.0 available at /tools/Xilinx/Vivado/2024.2/data/xhub/boards/XilinxBoardStore/boards/Xilinx/zcu208ld/production/2.0/board.xml as part xczu58dr-fsvg1517-2-i specified in board_part file is either invalid or not available
WARNING: [Board 49-26] cannot add Board Part xilinx.com:zcu216ld:part0:2.0 available at /tools/Xilinx/Vivado/2024.2/data/xhub/boards/XilinxBoardStore/boards/Xilinx/zcu216ld/production/2.0/board.xml as part xczu59dr-ffvf1760-2-i specified in board_part file is either invalid or not available
WARNING: [Board 49-26] cannot add Board Part xilinx.com:zcu670ld:part0:1.0 available at /tools/Xilinx/Vivado/2024.2/data/xhub/boards/XilinxBoardStore/boards/Xilinx/zcu670ld/1.0/board.xml as part xczu57dr-fsve1156-2-i specified in board_part file is either invalid or not available
WARNING: [Board 49-26] cannot add Board Part xilinx.com:zcu208ld:part0:2.0 available at /tools/Xilinx/Vivado/2024.2/data/xhub/boards/XilinxBoardStore/boards/Xilinx/zcu208ld/production/2.0/board.xml as part xczu58dr-fsvg1517-2-i specified in board_part file is either invalid or not available
WARNING: [Board 49-26] cannot add Board Part xilinx.com:zcu216ld:part0:2.0 available at /tools/Xilinx/Vivado/2024.2/data/xhub/boards/XilinxBoardStore/boards/Xilinx/zcu216ld/production/2.0/board.xml as part xczu59dr-ffvf1760-2-i specified in board_part file is either invalid or not available
WARNING: [Board 49-26] cannot add Board Part xilinx.com:zcu670ld:part0:1.0 available at /tools/Xilinx/Vivado/2024.2/data/xhub/boards/XilinxBoardStore/boards/Xilinx/zcu670ld/1.0/board.xml as part xczu57dr-fsve1156-2-i specified in board_part file is either invalid or not available
WARNING: [Board 49-26] cannot add Board Part xilinx.com:zcu208ld:part0:2.0 available at /tools/Xilinx/Vivado/2024.2/data/xhub/boards/XilinxBoardStore/boards/Xilinx/zcu208ld/production/2.0/board.xml as part xczu58dr-fsvg1517-2-i specified in board_part file is either invalid or not available
WARNING: [Board 49-26] cannot add Board Part xilinx.com:zcu216ld:part0:2.0 available at /tools/Xilinx/Vivado/2024.2/data/xhub/boards/XilinxBoardStore/boards/Xilinx/zcu216ld/production/2.0/board.xml as part xczu59dr-ffvf1760-2-i specified in board_part file is either invalid or not available
WARNING: [Board 49-26] cannot add Board Part xilinx.com:zcu670ld:part0:1.0 available at /tools/Xilinx/Vivado/2024.2/data/xhub/boards/XilinxBoardStore/boards/Xilinx/zcu670ld/1.0/board.xml as part xczu57dr-fsve1156-2-i specified in board_part file is either invalid or not available
set_property board_part digilentinc.com:nexys_video:part0:1.2 [current_project]
WARNING: [Project 1-153] The current project device 'xc7a200tlsbg484-2l' does not match with the device on the 'DIGILENTINC.COM:NEXYS_VIDEO:PART0:1.2' board part. A device change to match the device on 'DIGILENTINC.COM:NEXYS_VIDEO:PART0:1.2' board part is being done. Please upgrade the IP in the project via the upgrade_ip command or by selecting Reports => Reports IP Status.
CRITICAL WARNING: [Runs 36-291] Incremental checkpoint part, 'xc7a200tlsbg484-2L', does not match run part, 'xc7a200tsbg484-1', for run 'synth_1'.
WARNING: [Ipconfig 75-871] Could not load NoC clock tree from device
WARNING: [Ipconfig 75-570] Unable to create NoC or AIE Models.
INFO: [Project 1-152] Project part set to artix7 (xc7a200tsbg484-1)
reset_run clk_wizard_synth_1
reset_run synth_1
INFO: [Project 1-1161] Replacing file /home/anbellum/vivaldi/synth/vivado_nexysVideo/build/nexysVideo/nexysVideo.srcs/utils_1/imports/synth_1/nexysVideo.dcp with file /home/anbellum/vivaldi/synth/vivado_nexysVideo/build/nexysVideo/nexysVideo.runs/synth_1/nexysVideo.dcp
launch_runs synth_1 -jobs 11
WARNING: [Project 1-577] IP run clk_wizard_synth_1 is available but is out of date. Since the IP is locked, the synthesis checkpoint cannot be updated. The out-of-date checkpoint will be used and it may result in incorrect behavior.
Please select 'Report IP Status' from the 'Tools/Report' menu or run the Tcl command 'report_ip_status' for more information.
WARNING: [Runs 36-337] The following IPs are either missing output products or output products are not up-to-date for Synthesis target. Since these IPs are locked, no update to the output products can be done. 
Please select 'Report IP Status' from the 'Tools/Report' menu or run Tcl command 'report_ip_status' for more information.
/home/anbellum/vivaldi/synth/vivado_nexysVideo/build/nexysVideo/nexysVideo.srcs/sources_1/ip/clk_wizard/clk_wizard.xci

WARNING: [Runs 36-337] The following IPs are either missing output products or output products are not up-to-date for Implementation target. Since these IPs are locked, no update to the output products can be done. 
Please select 'Report IP Status' from the 'Tools/Report' menu or run Tcl command 'report_ip_status' for more information.
/home/anbellum/vivaldi/synth/vivado_nexysVideo/build/nexysVideo/nexysVideo.srcs/sources_1/ip/clk_wizard/clk_wizard.xci

WARNING: [Project 1-576] IP '/home/anbellum/vivaldi/synth/vivado_nexysVideo/build/nexysVideo/nexysVideo.srcs/sources_1/ip/clk_wizard/clk_wizard.xci' in run clk_wizard_synth_1 is locked, no out-of-context (OOC) run will be launched. The run may not be able to complete.
Please select 'Report IP Status' from 'Tools/Report' or run the Tcl command 'report_ip_status' for more information.
[Fri Feb 28 09:20:54 2025] Launched clk_wizard_synth_1...
Run output will be captured here: /home/anbellum/vivaldi/synth/vivado_nexysVideo/build/nexysVideo/nexysVideo.runs/clk_wizard_synth_1/runme.log
[Fri Feb 28 09:20:55 2025] Launched synth_1...
Run output will be captured here: /home/anbellum/vivaldi/synth/vivado_nexysVideo/build/nexysVideo/nexysVideo.runs/synth_1/runme.log
launch_runs impl_1 -jobs 11
[Fri Feb 28 09:23:32 2025] Launched impl_1...
Run output will be captured here: /home/anbellum/vivaldi/synth/vivado_nexysVideo/build/nexysVideo/nexysVideo.runs/impl_1/runme.log
launch_runs impl_1 -to_step write_bitstream -jobs 11
[Fri Feb 28 09:25:20 2025] Launched impl_1...
Run output will be captured here: /home/anbellum/vivaldi/synth/vivado_nexysVideo/build/nexysVideo/nexysVideo.runs/impl_1/runme.log
open_hw_manager
connect_hw_server -allow_non_jtag
INFO: [Labtools 27-2285] Connecting to hw_server url TCP:localhost:3121
INFO: [Labtools 27-2222] Launching hw_server...
INFO: [Labtools 27-2221] Launch Output:

****** Xilinx hw_server v2024.2
  **** Build date : Oct 29 2024 at 10:16:47
    ** Copyright 1986-2022 Xilinx, Inc. All Rights Reserved.


INFO: [Labtools 27-3415] Connecting to cs_server url TCP:localhost:0
INFO: [Labtools 27-3417] Launching cs_server...
INFO: [Labtools 27-2221] Launch Output:


******** Xilinx cs_server v2024.2.0
  ****** Build date   : Oct 30 2024-11:19:07
    **** Build number : 2024.2.1730312347
      ** Copyright 2017-2022 Xilinx, Inc. All Rights Reserved.
      ** Copyright 2022-2025 Advanced Micro Devices, Inc. All Rights Reserved.



open_hw_target
INFO: [Labtoolstcl 44-466] Opening hw_target localhost:3121/xilinx_tcf/Digilent/210276BD2676B
set_property PROGRAM.FILE {/home/anbellum/vivaldi/synth/vivado_nexysVideo/build/nexysVideo/nexysVideo.runs/impl_1/nexysVideo.bit} [get_hw_devices xc7a200t_0]
current_hw_device [get_hw_devices xc7a200t_0]
refresh_hw_device -update_hw_probes false [lindex [get_hw_devices xc7a200t_0] 0]
INFO: [Labtools 27-1435] Device xc7a200t (JTAG device index = 0) is not programmed (DONE status = 0).
set_property PROBES.FILE {} [get_hw_devices xc7a200t_0]
set_property FULL_PROBES.FILE {} [get_hw_devices xc7a200t_0]
set_property PROGRAM.FILE {/home/anbellum/vivaldi/synth/vivado_nexysVideo/passthru.bit} [get_hw_devices xc7a200t_0]
program_hw_devices [get_hw_devices xc7a200t_0]
INFO: [Labtools 27-3164] End of startup status: HIGH
program_hw_devices: Time (s): cpu = 00:00:07 ; elapsed = 00:00:07 . Memory (MB): peak = 8411.418 ; gain = 0.000 ; free physical = 10521 ; free virtual = 16885
refresh_hw_device [lindex [get_hw_devices xc7a200t_0] 0]
INFO: [Labtools 27-1434] Device xc7a200t (JTAG device index = 0) is programmed with a design that has no supported debug core(s) in it.
set_property PROBES.FILE {} [get_hw_devices xc7a200t_0]
set_property FULL_PROBES.FILE {} [get_hw_devices xc7a200t_0]
set_property PROGRAM.FILE {/home/anbellum/vivaldi/synth/vivado_nexysVideo/passthru.bit} [get_hw_devices xc7a200t_0]
program_hw_devices [get_hw_devices xc7a200t_0]
INFO: [Labtools 27-3164] End of startup status: HIGH
program_hw_devices: Time (s): cpu = 00:00:06 ; elapsed = 00:00:06 . Memory (MB): peak = 8411.418 ; gain = 0.000 ; free physical = 10513 ; free virtual = 16878
refresh_hw_device [lindex [get_hw_devices xc7a200t_0] 0]
INFO: [Labtools 27-1434] Device xc7a200t (JTAG device index = 0) is programmed with a design that has no supported debug core(s) in it.
set_property PROBES.FILE {} [get_hw_devices xc7a200t_0]
set_property FULL_PROBES.FILE {} [get_hw_devices xc7a200t_0]
set_property PROGRAM.FILE {/home/anbellum/vivaldi/synth/vivado_nexysVideo/build/nexysVideo/nexysVideo.runs/impl_1/nexysVideo.bit} [get_hw_devices xc7a200t_0]
program_hw_devices [get_hw_devices xc7a200t_0]
INFO: [Labtools 27-3164] End of startup status: HIGH
program_hw_devices: Time (s): cpu = 00:00:06 ; elapsed = 00:00:07 . Memory (MB): peak = 8411.418 ; gain = 0.000 ; free physical = 10502 ; free virtual = 16867
refresh_hw_device [lindex [get_hw_devices xc7a200t_0] 0]
INFO: [Labtools 27-1434] Device xc7a200t (JTAG device index = 0) is programmed with a design that has no supported debug core(s) in it.
ERROR: [Labtoolstcl 44-513] HW Target shutdown. Closing target: localhost:3121/xilinx_tcf/Digilent/210276BD2676B
INFO: [Labtoolstcl 44-466] Opening hw_target localhost:3121/xilinx_tcf/Digilent/210276BD2676B
INFO: [Labtools 27-1435] Device xc7a200t (JTAG device index = 0) is not programmed (DONE status = 0).
WARNING: [Labtoolstcl 44-129] No matching hw_ila_data was found.
set_property PROBES.FILE {} [get_hw_devices xc7a200t_0]
set_property FULL_PROBES.FILE {} [get_hw_devices xc7a200t_0]
set_property PROGRAM.FILE {/home/anbellum/vivaldi/synth/vivado_nexysVideo/build/nexysVideo/nexysVideo.runs/impl_1/nexysVideo.bit} [get_hw_devices xc7a200t_0]
program_hw_devices [get_hw_devices xc7a200t_0]
INFO: [Labtools 27-3164] End of startup status: HIGH
program_hw_devices: Time (s): cpu = 00:00:07 ; elapsed = 00:00:07 . Memory (MB): peak = 8411.418 ; gain = 0.000 ; free physical = 10472 ; free virtual = 16839
refresh_hw_device [lindex [get_hw_devices xc7a200t_0] 0]
INFO: [Labtools 27-1434] Device xc7a200t (JTAG device index = 0) is programmed with a design that has no supported debug core(s) in it.
set_property PROBES.FILE {} [get_hw_devices xc7a200t_0]
set_property FULL_PROBES.FILE {} [get_hw_devices xc7a200t_0]
set_property PROGRAM.FILE {/home/anbellum/vivaldi/synth/vivado_nexysVideo/passthru.bit} [get_hw_devices xc7a200t_0]
program_hw_devices [get_hw_devices xc7a200t_0]
INFO: [Labtools 27-3164] End of startup status: HIGH
program_hw_devices: Time (s): cpu = 00:00:06 ; elapsed = 00:00:07 . Memory (MB): peak = 8411.418 ; gain = 0.000 ; free physical = 10472 ; free virtual = 16840
refresh_hw_device [lindex [get_hw_devices xc7a200t_0] 0]
INFO: [Labtools 27-1434] Device xc7a200t (JTAG device index = 0) is programmed with a design that has no supported debug core(s) in it.
set_property PROBES.FILE {} [get_hw_devices xc7a200t_0]
set_property FULL_PROBES.FILE {} [get_hw_devices xc7a200t_0]
set_property PROGRAM.FILE {/home/anbellum/vivaldi/synth/vivado_nexysVideo/build/nexysVideo/nexysVideo.runs/impl_1/nexysVideo.bit} [get_hw_devices xc7a200t_0]
program_hw_devices [get_hw_devices xc7a200t_0]
INFO: [Labtools 27-3164] End of startup status: HIGH
program_hw_devices: Time (s): cpu = 00:00:06 ; elapsed = 00:00:07 . Memory (MB): peak = 8411.418 ; gain = 0.000 ; free physical = 10472 ; free virtual = 16840
refresh_hw_device [lindex [get_hw_devices xc7a200t_0] 0]
INFO: [Labtools 27-1434] Device xc7a200t (JTAG device index = 0) is programmed with a design that has no supported debug core(s) in it.
reset_run synth_1
INFO: [Project 1-1161] Replacing file /home/anbellum/vivaldi/synth/vivado_nexysVideo/build/nexysVideo/nexysVideo.srcs/utils_1/imports/synth_1/nexysVideo.dcp with file /home/anbellum/vivaldi/synth/vivado_nexysVideo/build/nexysVideo/nexysVideo.runs/synth_1/nexysVideo.dcp
launch_runs synth_1 -jobs 11
[Fri Feb 28 09:37:14 2025] Launched synth_1...
Run output will be captured here: /home/anbellum/vivaldi/synth/vivado_nexysVideo/build/nexysVideo/nexysVideo.runs/synth_1/runme.log
launch_runs impl_1 -jobs 11
[Fri Feb 28 09:38:26 2025] Launched impl_1...
Run output will be captured here: /home/anbellum/vivaldi/synth/vivado_nexysVideo/build/nexysVideo/nexysVideo.runs/impl_1/runme.log
