#-----------------------------------------------------------
# Vivado v2024.2 (64-bit)
# SW Build 5239630 on Fri Nov 08 22:34:34 MST 2024
# IP Build 5239520 on Sun Nov 10 16:12:51 MST 2024
# SharedData Build 5239561 on Fri Nov 08 14:39:27 MST 2024
# Start of session at: Thu Feb 20 17:50:23 2025
# Process ID         : 35737
# Current directory  : /home/anbellum/vivaldi/synth/vivado_nexysVideo
# Command line       : vivado -mode batch -source vivado.tcl
# Log file           : /home/anbellum/vivaldi/synth/vivado_nexysVideo/vivado.log
# Journal file       : /home/anbellum/vivaldi/synth/vivado_nexysVideo/vivado.jou
# Running On         : Starlight
# Platform           : Ubuntu
# Operating System   : Ubuntu 24.04.2 LTS
# Processor Detail   : Intel(R) Core(TM) Ultra 9 185H
# CPU Frequency      : 3072.001 MHz
# CPU Physical cores : 11
# CPU Logical cores  : 22
# Host memory        : 16565 MB
# Swap memory        : 4294 MB
# Total Virtual      : 20860 MB
# Available Virtual  : 19253 MB
#-----------------------------------------------------------
source vivado.tcl
# start_gui
# create_project nexysVideo nexysVideo -part xc7a200tlsbg484-2L
WARNING: [Board 49-26] cannot add Board Part xilinx.com:zcu208ld:part0:2.0 available at /tools/Xilinx/Vivado/2024.2/data/xhub/boards/XilinxBoardStore/boards/Xilinx/zcu208ld/production/2.0/board.xml as part xczu58dr-fsvg1517-2-i specified in board_part file is either invalid or not available
WARNING: [Board 49-26] cannot add Board Part xilinx.com:zcu216ld:part0:2.0 available at /tools/Xilinx/Vivado/2024.2/data/xhub/boards/XilinxBoardStore/boards/Xilinx/zcu216ld/production/2.0/board.xml as part xczu59dr-ffvf1760-2-i specified in board_part file is either invalid or not available
WARNING: [Board 49-26] cannot add Board Part xilinx.com:zcu670ld:part0:1.0 available at /tools/Xilinx/Vivado/2024.2/data/xhub/boards/XilinxBoardStore/boards/Xilinx/zcu670ld/1.0/board.xml as part xczu57dr-fsve1156-2-i specified in board_part file is either invalid or not available
INFO: [IP_Flow 19-234] Refreshing IP repositories
INFO: [IP_Flow 19-1704] No user IP repositories specified
INFO: [IP_Flow 19-2313] Loaded Vivado IP repository '/tools/Xilinx/Vivado/2024.2/data/ip'.
create_project: Time (s): cpu = 00:00:15 ; elapsed = 00:00:08 . Memory (MB): peak = 7941.891 ; gain = 412.414 ; free physical = 12122 ; free virtual = 17332
# add_files -norecurse {
#   ../nexysVideo.sv
# }
ERROR: [Vivado 12-172] File or Directory '../nexysVideo.sv' does not exist
exit
INFO: [Common 17-206] Exiting Vivado at Thu Feb 20 17:51:13 2025...
