#-----------------------------------------------------------
# Vivado v2024.2 (64-bit)
# SW Build 5239630 on Fri Nov 08 22:34:34 MST 2024
# IP Build 5239520 on Sun Nov 10 16:12:51 MST 2024
# SharedData Build 5239561 on Fri Nov 08 14:39:27 MST 2024
# Start of session at: Thu Feb 20 19:04:59 2025
# Process ID         : 44825
# Current directory  : /home/anbellum/vivaldi/synth
# Command line       : vivado -mode batch -source vivado_nexysVideo/vivado.tcl
# Log file           : /home/anbellum/vivaldi/synth/vivado.log
# Journal file       : /home/anbellum/vivaldi/synth/vivado.jou
# Running On         : Starlight
# Platform           : Ubuntu
# Operating System   : Ubuntu 24.04.2 LTS
# Processor Detail   : Intel(R) Core(TM) Ultra 9 185H
# CPU Frequency      : 3072.001 MHz
# CPU Physical cores : 11
# CPU Logical cores  : 22
# Host memory        : 16565 MB
# Swap memory        : 4294 MB
# Total Virtual      : 20860 MB
# Available Virtual  : 13193 MB
#-----------------------------------------------------------
source vivado_nexysVideo/vivado.tcl
# start_gui
# create_project nexysVideo nexysVideo -part xc7a200tlsbg484-2L -force
WARNING: [Board 49-26] cannot add Board Part xilinx.com:zcu208ld:part0:2.0 available at /tools/Xilinx/Vivado/2024.2/data/xhub/boards/XilinxBoardStore/boards/Xilinx/zcu208ld/production/2.0/board.xml as part xczu58dr-fsvg1517-2-i specified in board_part file is either invalid or not available
WARNING: [Board 49-26] cannot add Board Part xilinx.com:zcu216ld:part0:2.0 available at /tools/Xilinx/Vivado/2024.2/data/xhub/boards/XilinxBoardStore/boards/Xilinx/zcu216ld/production/2.0/board.xml as part xczu59dr-ffvf1760-2-i specified in board_part file is either invalid or not available
WARNING: [Board 49-26] cannot add Board Part xilinx.com:zcu670ld:part0:1.0 available at /tools/Xilinx/Vivado/2024.2/data/xhub/boards/XilinxBoardStore/boards/Xilinx/zcu670ld/1.0/board.xml as part xczu57dr-fsve1156-2-i specified in board_part file is either invalid or not available
INFO: [IP_Flow 19-234] Refreshing IP repositories
INFO: [IP_Flow 19-1704] No user IP repositories specified
INFO: [IP_Flow 19-2313] Loaded Vivado IP repository '/tools/Xilinx/Vivado/2024.2/data/ip'.
create_project: Time (s): cpu = 00:00:14 ; elapsed = 00:00:07 . Memory (MB): peak = 7949.445 ; gain = 408.504 ; free physical = 5179 ; free virtual = 11519
# add_files -norecurse {}
ERROR: [Vivado 12-385] Illegal file or directory name ''
exit
INFO: [Common 17-206] Exiting Vivado at Thu Feb 20 19:06:35 2025...
